<?xml version="1.0" encoding="UTF-8"?>
<testng-results ignored="0" total="3" passed="3" failed="0" skipped="0">
  <reporter-output>
  </reporter-output>
  <suite started-at="2025-04-08T22:55:18 IST" name="NAGP Smoke Tests" finished-at="2025-04-08T22:55:18 IST" duration-ms="90">
    <groups>
      <group name="regression">
        <method signature="ArithmeticOperatorCheck.TestAdditionOfNumbers()[pri:0, instance:org.example.ArithmeticOperatorCheck@1c93084c]" name="TestAdditionOfNumbers" class="org.example.ArithmeticOperatorCheck"/>
        <method signature="ArithmeticOperatorCheck.TestDivisionOfNumbers()[pri:0, instance:org.example.ArithmeticOperatorCheck@1c93084c]" name="TestDivisionOfNumbers" class="org.example.ArithmeticOperatorCheck"/>
        <method signature="StringOperatorCheck.TestAdditionOfStrings()[pri:0, instance:org.example.StringOperatorCheck@659a969b]" name="TestAdditionOfStrings" class="org.example.StringOperatorCheck"/>
      </group> <!-- regression -->
      <group name="smoke">
        <method signature="ArithmeticOperatorCheck.TestAdditionOfNumbers()[pri:0, instance:org.example.ArithmeticOperatorCheck@1c93084c]" name="TestAdditionOfNumbers" class="org.example.ArithmeticOperatorCheck"/>
        <method signature="ArithmeticOperatorCheck.TestDivisionOfNumbers()[pri:0, instance:org.example.ArithmeticOperatorCheck@1c93084c]" name="TestDivisionOfNumbers" class="org.example.ArithmeticOperatorCheck"/>
        <method signature="StringOperatorCheck.TestAdditionOfStrings()[pri:0, instance:org.example.StringOperatorCheck@659a969b]" name="TestAdditionOfStrings" class="org.example.StringOperatorCheck"/>
      </group> <!-- smoke -->
    </groups>
    <test started-at="2025-04-08T22:55:18 IST" name="Smoke Tests" finished-at="2025-04-08T22:55:18 IST" duration-ms="90">
      <class name="org.example.ArithmeticOperatorCheck">
        <test-method signature="TestAdditionOfNumbers()[pri:0, instance:org.example.ArithmeticOperatorCheck@1c93084c]" started-at="2025-04-08T22:55:18 IST" name="TestAdditionOfNumbers" description="Verify Addition of Numbers" finished-at="2025-04-08T22:55:18 IST" duration-ms="12" status="PASS">
          <reporter-output>
          </reporter-output>
        </test-method> <!-- TestAdditionOfNumbers -->
        <test-method signature="TestDivisionOfNumbers()[pri:0, instance:org.example.ArithmeticOperatorCheck@1c93084c]" started-at="2025-04-08T22:55:18 IST" name="TestDivisionOfNumbers" description="Verify Subtraction of Numbers" finished-at="2025-04-08T22:55:18 IST" duration-ms="2" status="PASS">
          <reporter-output>
          </reporter-output>
        </test-method> <!-- TestDivisionOfNumbers -->
      </class> <!-- org.example.ArithmeticOperatorCheck -->
      <class name="org.example.StringOperatorCheck">
        <test-method signature="TestAdditionOfStrings()[pri:0, instance:org.example.StringOperatorCheck@659a969b]" started-at="2025-04-08T22:55:18 IST" name="TestAdditionOfStrings" description="Verify Concatenation of Strings" finished-at="2025-04-08T22:55:18 IST" duration-ms="12" status="PASS">
          <reporter-output>
          </reporter-output>
        </test-method> <!-- TestAdditionOfStrings -->
      </class> <!-- org.example.StringOperatorCheck -->
    </test> <!-- Smoke Tests -->
  </suite> <!-- NAGP Smoke Tests -->
</testng-results>
