<?xml version="1.0" encoding="UTF-8"?>
<!-- Generated by org.testng.reporters.JUnitXMLReporter -->
<testsuite ignored="3" hostname="IN-PG0351Z8" failures="0" tests="3" name="Smoke Tests" time="0.09" errors="0" timestamp="2025-04-08T22:55:18 IST">
  <testcase classname="org.example.ArithmeticOperatorCheck" name="TestAdditionOfNumbers" time="0.012"/>
  <testcase classname="org.example.StringOperatorCheck" name="TestAdditionOfStrings" time="0.012"/>
  <testcase classname="org.example.ArithmeticOperatorCheck" name="TestDivisionOfNumbers" time="0.002"/>
  <testcase classname="org.example.StringOperatorCheck" name="TestCharAtOfStrings" time="0.0">
    <ignored/>
  </testcase> <!-- TestCharAtOfStrings -->
  <testcase classname="org.example.ArithmeticOperatorCheck" name="TestSubtractionOfNumbers" time="0.0">
    <ignored/>
  </testcase> <!-- TestSubtractionOfNumbers -->
  <testcase classname="org.example.ArithmeticOperatorCheck" name="TestMultiplicationOfNumbers" time="0.0">
    <ignored/>
  </testcase> <!-- TestMultiplicationOfNumbers -->
</testsuite> <!-- Smoke Tests -->
